2023-12-08 21:46:35 Loading main app package /usr/lib/obsidian/obsidian.asar
2023-12-08 21:46:36 Checking for update using Github
2023-12-08 21:46:36 Success.
2023-12-08 21:46:36 Latest version is 1.4.16
2023-12-08 21:46:36 App is up to date.
2023-12-08 21:51:09 Loading main app package /usr/lib/obsidian/obsidian.asar
2023-12-08 21:51:09 Checking for update using Github
2023-12-08 21:51:09 Success.
2023-12-08 21:51:09 Latest version is 1.4.16
2023-12-08 21:51:09 App is up to date.
2023-12-08 22:51:09 Checking for update using Github
2023-12-08 22:51:10 Success.
2023-12-08 22:51:10 Latest version is 1.4.16
2023-12-08 22:51:10 App is up to date.
2023-12-11 23:52:36 Loading main app package /usr/lib/obsidian/obsidian.asar
2023-12-11 23:52:36 Checking for update using Github
2023-12-11 23:52:37 Success.
2023-12-11 23:52:37 Latest version is 1.4.16
2023-12-11 23:52:37 App is up to date.
2023-12-18 20:49:41 Loading main app package /usr/lib/obsidian/obsidian.asar
2023-12-18 20:49:42 Checking for update using Github
2023-12-18 20:49:42 Success.
2023-12-18 20:49:42 Latest version is 1.4.16
2023-12-18 20:49:42 App is up to date.
2023-12-18 21:49:42 Checking for update using Github
2023-12-18 21:49:42 Success.
2023-12-18 21:49:42 Latest version is 1.4.16
2023-12-18 21:49:42 App is up to date.
2023-12-19 11:11:08 Loading main app package /usr/lib/obsidian/obsidian.asar
2023-12-19 11:11:09 Checking for update using Github
2023-12-19 11:11:09 Success.
2023-12-19 11:11:09 Latest version is 1.4.16
2023-12-19 11:11:09 App is up to date.
2023-12-19 12:11:08 Checking for update using Github
2023-12-19 12:11:08 Success.
2023-12-19 12:11:08 Latest version is 1.4.16
2023-12-19 12:11:08 App is up to date.
2023-12-19 13:11:08 Checking for update using Github
2023-12-19 13:11:09 Success.
2023-12-19 13:11:09 Latest version is 1.4.16
2023-12-19 13:11:09 App is up to date.
